[debug] [2023-09-29T16:53:35.450Z] ----------------------------------------------------------------------
[debug] [2023-09-29T16:53:35.452Z] Command:       C:\Program Files\nodejs\node.exe C:\Users\Surya\AppData\Roaming\npm\node_modules\firebase-tools\lib\bin\firebase.js deploy --only functions
[debug] [2023-09-29T16:53:35.453Z] CLI Version:   12.6.0
[debug] [2023-09-29T16:53:35.453Z] Platform:      win32
[debug] [2023-09-29T16:53:35.453Z] Node Version:  v18.12.1
[debug] [2023-09-29T16:53:35.455Z] Time:          Fri Sep 29 2023 22:23:35 GMT+0530 (India Standard Time)
[debug] [2023-09-29T16:53:35.455Z] ----------------------------------------------------------------------
[debug] 
[debug] [2023-09-29T16:53:35.539Z] > command requires scopes: ["email","openid","https://www.googleapis.com/auth/cloudplatformprojects.readonly","https://www.googleapis.com/auth/firebase","https://www.googleapis.com/auth/cloud-platform"]
[debug] [2023-09-29T16:53:35.540Z] > authorizing via signed-in user (suryakommanapalli80@gmail.com)
[debug] [2023-09-29T16:53:35.540Z] [iam] checking project otp-authentication-5847a for permissions ["cloudfunctions.functions.create","cloudfunctions.functions.delete","cloudfunctions.functions.get","cloudfunctions.functions.list","cloudfunctions.functions.update","cloudfunctions.operations.get","firebase.projects.get"]
[debug] [2023-09-29T16:53:35.543Z] >>> [apiv2][query] POST https://cloudresourcemanager.googleapis.com/v1/projects/otp-authentication-5847a:testIamPermissions [none]
[debug] [2023-09-29T16:53:35.543Z] >>> [apiv2][(partial)header] POST https://cloudresourcemanager.googleapis.com/v1/projects/otp-authentication-5847a:testIamPermissions x-goog-quota-user=projects/otp-authentication-5847a
[debug] [2023-09-29T16:53:35.544Z] >>> [apiv2][body] POST https://cloudresourcemanager.googleapis.com/v1/projects/otp-authentication-5847a:testIamPermissions {"permissions":["cloudfunctions.functions.create","cloudfunctions.functions.delete","cloudfunctions.functions.get","cloudfunctions.functions.list","cloudfunctions.functions.update","cloudfunctions.operations.get","firebase.projects.get"]}
[debug] [2023-09-29T16:53:37.358Z] <<< [apiv2][status] POST https://cloudresourcemanager.googleapis.com/v1/projects/otp-authentication-5847a:testIamPermissions 200
[debug] [2023-09-29T16:53:37.358Z] <<< [apiv2][body] POST https://cloudresourcemanager.googleapis.com/v1/projects/otp-authentication-5847a:testIamPermissions {"permissions":["cloudfunctions.functions.create","cloudfunctions.functions.delete","cloudfunctions.functions.get","cloudfunctions.functions.list","cloudfunctions.functions.update","cloudfunctions.operations.get","firebase.projects.get"]}
[debug] [2023-09-29T16:53:37.358Z] >>> [apiv2][query] POST https://iam.googleapis.com/v1/projects/otp-authentication-5847a/serviceAccounts/otp-authentication-5847a@appspot.gserviceaccount.com:testIamPermissions [none]
[debug] [2023-09-29T16:53:37.359Z] >>> [apiv2][body] POST https://iam.googleapis.com/v1/projects/otp-authentication-5847a/serviceAccounts/otp-authentication-5847a@appspot.gserviceaccount.com:testIamPermissions {"permissions":["iam.serviceAccounts.actAs"]}
[debug] [2023-09-29T16:53:39.190Z] <<< [apiv2][status] POST https://iam.googleapis.com/v1/projects/otp-authentication-5847a/serviceAccounts/otp-authentication-5847a@appspot.gserviceaccount.com:testIamPermissions 200
[debug] [2023-09-29T16:53:39.191Z] <<< [apiv2][body] POST https://iam.googleapis.com/v1/projects/otp-authentication-5847a/serviceAccounts/otp-authentication-5847a@appspot.gserviceaccount.com:testIamPermissions {"permissions":["iam.serviceAccounts.actAs"]}
[info] 
[info] === Deploying to 'otp-authentication-5847a'...
[info] 
[info] i  deploying functions 
[debug] [2023-09-29T16:53:39.200Z] >>> [apiv2][query] GET https://firebase.googleapis.com/v1beta1/projects/otp-authentication-5847a [none]
[debug] [2023-09-29T16:53:40.634Z] <<< [apiv2][status] GET https://firebase.googleapis.com/v1beta1/projects/otp-authentication-5847a 200
[debug] [2023-09-29T16:53:40.634Z] <<< [apiv2][body] GET https://firebase.googleapis.com/v1beta1/projects/otp-authentication-5847a {"projectId":"otp-authentication-5847a","projectNumber":"457491394571","displayName":"otp-authentication","name":"projects/otp-authentication-5847a","resources":{"hostingSite":"otp-authentication-5847a"},"state":"ACTIVE","etag":"1_7f43b1f5-f89c-4896-9b30-329598bdb87e"}
[info] i  functions: preparing codebase default for deployment 
[info] i  functions: ensuring required API cloudfunctions.googleapis.com is enabled... 
[info] i  functions: ensuring required API cloudbuild.googleapis.com is enabled... 
[info] i  artifactregistry: ensuring required API artifactregistry.googleapis.com is enabled... 
[debug] [2023-09-29T16:53:40.639Z] >>> [apiv2][query] GET https://serviceusage.googleapis.com/v1/projects/otp-authentication-5847a/services/cloudfunctions.googleapis.com [none]
[debug] [2023-09-29T16:53:40.639Z] >>> [apiv2][(partial)header] GET https://serviceusage.googleapis.com/v1/projects/otp-authentication-5847a/services/cloudfunctions.googleapis.com x-goog-quota-user=projects/otp-authentication-5847a
[debug] [2023-09-29T16:53:40.642Z] >>> [apiv2][query] GET https://serviceusage.googleapis.com/v1/projects/otp-authentication-5847a/services/runtimeconfig.googleapis.com [none]
[debug] [2023-09-29T16:53:40.643Z] >>> [apiv2][(partial)header] GET https://serviceusage.googleapis.com/v1/projects/otp-authentication-5847a/services/runtimeconfig.googleapis.com x-goog-quota-user=projects/otp-authentication-5847a
[debug] [2023-09-29T16:53:40.645Z] >>> [apiv2][query] GET https://serviceusage.googleapis.com/v1/projects/otp-authentication-5847a/services/cloudbuild.googleapis.com [none]
[debug] [2023-09-29T16:53:40.646Z] >>> [apiv2][(partial)header] GET https://serviceusage.googleapis.com/v1/projects/otp-authentication-5847a/services/cloudbuild.googleapis.com x-goog-quota-user=projects/otp-authentication-5847a
[debug] [2023-09-29T16:53:40.648Z] >>> [apiv2][query] GET https://serviceusage.googleapis.com/v1/projects/otp-authentication-5847a/services/artifactregistry.googleapis.com [none]
[debug] [2023-09-29T16:53:40.648Z] >>> [apiv2][(partial)header] GET https://serviceusage.googleapis.com/v1/projects/otp-authentication-5847a/services/artifactregistry.googleapis.com x-goog-quota-user=projects/otp-authentication-5847a
[debug] [2023-09-29T16:53:42.881Z] <<< [apiv2][status] GET https://serviceusage.googleapis.com/v1/projects/otp-authentication-5847a/services/artifactregistry.googleapis.com 200
[debug] [2023-09-29T16:53:42.881Z] <<< [apiv2][body] GET https://serviceusage.googleapis.com/v1/projects/otp-authentication-5847a/services/artifactregistry.googleapis.com [omitted]
[info] +  artifactregistry: required API artifactregistry.googleapis.com is enabled 
[debug] [2023-09-29T16:53:42.889Z] <<< [apiv2][status] GET https://serviceusage.googleapis.com/v1/projects/otp-authentication-5847a/services/runtimeconfig.googleapis.com 200
[debug] [2023-09-29T16:53:42.889Z] <<< [apiv2][body] GET https://serviceusage.googleapis.com/v1/projects/otp-authentication-5847a/services/runtimeconfig.googleapis.com [omitted]
[debug] [2023-09-29T16:53:42.892Z] <<< [apiv2][status] GET https://serviceusage.googleapis.com/v1/projects/otp-authentication-5847a/services/cloudfunctions.googleapis.com 200
[debug] [2023-09-29T16:53:42.892Z] <<< [apiv2][body] GET https://serviceusage.googleapis.com/v1/projects/otp-authentication-5847a/services/cloudfunctions.googleapis.com [omitted]
[info] +  functions: required API cloudfunctions.googleapis.com is enabled 
[debug] [2023-09-29T16:53:42.894Z] <<< [apiv2][status] GET https://serviceusage.googleapis.com/v1/projects/otp-authentication-5847a/services/cloudbuild.googleapis.com 200
[debug] [2023-09-29T16:53:42.894Z] <<< [apiv2][body] GET https://serviceusage.googleapis.com/v1/projects/otp-authentication-5847a/services/cloudbuild.googleapis.com [omitted]
[info] +  functions: required API cloudbuild.googleapis.com is enabled 
[debug] [2023-09-29T16:53:42.895Z] >>> [apiv2][query] GET https://firebase.googleapis.com/v1beta1/projects/otp-authentication-5847a/adminSdkConfig [none]
[debug] [2023-09-29T16:53:43.494Z] <<< [apiv2][status] GET https://firebase.googleapis.com/v1beta1/projects/otp-authentication-5847a/adminSdkConfig 200
[debug] [2023-09-29T16:53:43.494Z] <<< [apiv2][body] GET https://firebase.googleapis.com/v1beta1/projects/otp-authentication-5847a/adminSdkConfig {"projectId":"otp-authentication-5847a","storageBucket":"otp-authentication-5847a.appspot.com"}
[debug] [2023-09-29T16:53:43.496Z] >>> [apiv2][query] GET https://runtimeconfig.googleapis.com/v1beta1/projects/otp-authentication-5847a/configs [none]
[debug] [2023-09-29T16:53:44.310Z] <<< [apiv2][status] GET https://runtimeconfig.googleapis.com/v1beta1/projects/otp-authentication-5847a/configs 200
[debug] [2023-09-29T16:53:44.311Z] <<< [apiv2][body] GET https://runtimeconfig.googleapis.com/v1beta1/projects/otp-authentication-5847a/configs {}
[debug] [2023-09-29T16:53:44.315Z] Validating nodejs source
[debug] [2023-09-29T16:53:47.469Z] > [functions] package.json contents: {
  "name": "functions",
  "description": "Cloud Functions for Firebase",
  "scripts": {
    "serve": "firebase emulators:start --only functions",
    "shell": "firebase functions:shell",
    "start": "npm run shell",
    "deploy": "firebase deploy --only functions",
    "logs": "firebase functions:log"
  },
  "engines": {
    "node": "18"
  },
  "main": "index.js",
  "dependencies": {
    "express": "^4.18.2",
    "firebase-admin": "^11.8.0",
    "firebase-functions": "^4.3.1"
  },
  "devDependencies": {
    "firebase-functions-test": "^3.1.0"
  },
  "private": true
}
[debug] [2023-09-29T16:53:47.469Z] Building nodejs source
[info] i  functions: Loading and analyzing source code for codebase default to determine what to deploy 
[debug] [2023-09-29T16:53:47.472Z] Could not find functions.yaml. Must use http discovery
[debug] [2023-09-29T16:53:47.491Z] Found firebase-functions binary at 'C:\Users\Surya\OneDrive\Desktop\admitkard-assignment\backend\functions\node_modules\.bin\firebase-functions'
[info] Serving at port 8400

[error] node:events:491
      throw er; // Unhandled 'error' event
      ^

Error: listen EADDRINUSE: address already in use :::3001
    at Server.setupListenHandle [as _listen2] (node:net:1485:16)
    at listenInCluster (node:net:1533:12)
    at Server.listen (node:net:1621:7)
    at Function.listen (C:\Users\Surya\OneDrive\Desktop\admitkard-assignment\backend\functions\node_modules\express\lib\application.js:635:24)
    at Object.<anonymous> (C:\Users\Surya\OneDrive\Desktop\admitkard-assignment\backend\functions\index.js:55:5)
    at Module._compile (node:internal/modules/cjs/loader:1159:14)
    at Module._extensions..js (node:internal/modules/cjs/loader:1213:10)
    at Module.load (node:internal/modules/cjs/loader:1037:32)
    at Module._load (node:internal/modules/cjs/loader:878:12)
    at Module.require (node:internal/modules/cjs/loader:1061:19)
Emitted 'error' event on Server instance at:
    at emitErrorNT (node:net:1512:8)
    at process.processTicksAndRejections (node:internal/process/task_queues:82:21) {
  code: 'EADDRINUSE',
  errno: -4091,
  syscall: 'listen',
  address: '::',
  port: 3001
}

Node.js v18.12.1

[debug] [2023-09-29T16:53:48.037Z] Failed to call quitquitquit. This often means the server failed to start request to http://localhost:8400/__/quitquitquit failed, reason: connect ECONNREFUSED ::1:8400 {"message":"request to http://localhost:8400/__/quitquitquit failed, reason: connect ECONNREFUSED ::1:8400","type":"system","errno":"ECONNREFUSED","code":"ECONNREFUSED"}
[debug] [2023-09-29T16:53:48.356Z] FetchError: request to http://127.0.0.1:8400/__/functions.yaml failed, reason: read ECONNRESET
    at ClientRequest.<anonymous> (C:\Users\Surya\AppData\Roaming\npm\node_modules\firebase-tools\node_modules\node-fetch\lib\index.js:1501:11)
    at ClientRequest.emit (node:events:513:28)
    at ClientRequest.emit (node:domain:489:12)
    at Socket.socketErrorListener (node:_http_client:494:9)
    at Socket.emit (node:events:513:28)
    at Socket.emit (node:domain:489:12)
    at emitErrorNT (node:internal/streams/destroy:151:8)
    at emitErrorCloseNT (node:internal/streams/destroy:116:3)
    at process.processTicksAndRejections (node:internal/process/task_queues:82:21)
[error] 
[error] Error: An unexpected error has occurred.
