[debug] [2023-09-30T05:56:59.591Z] ----------------------------------------------------------------------
[debug] [2023-09-30T05:56:59.594Z] Command:       C:\Program Files\nodejs\node.exe C:\Users\Surya\AppData\Roaming\npm\node_modules\firebase-tools\lib\bin\firebase.js deploy --only functions
[debug] [2023-09-30T05:56:59.594Z] CLI Version:   12.6.0
[debug] [2023-09-30T05:56:59.595Z] Platform:      win32
[debug] [2023-09-30T05:56:59.595Z] Node Version:  v18.12.1
[debug] [2023-09-30T05:56:59.596Z] Time:          Sat Sep 30 2023 11:26:59 GMT+0530 (India Standard Time)
[debug] [2023-09-30T05:56:59.596Z] ----------------------------------------------------------------------
[debug] 
[debug] [2023-09-30T05:56:59.660Z] > command requires scopes: ["email","openid","https://www.googleapis.com/auth/cloudplatformprojects.readonly","https://www.googleapis.com/auth/firebase","https://www.googleapis.com/auth/cloud-platform"]
[debug] [2023-09-30T05:56:59.661Z] > authorizing via signed-in user (suryakommanapalli80@gmail.com)
[debug] [2023-09-30T05:56:59.661Z] [iam] checking project otp-authentication-5847a for permissions ["cloudfunctions.functions.create","cloudfunctions.functions.delete","cloudfunctions.functions.get","cloudfunctions.functions.list","cloudfunctions.functions.update","cloudfunctions.operations.get","firebase.projects.get"]
[debug] [2023-09-30T05:56:59.663Z] >>> [apiv2][query] POST https://cloudresourcemanager.googleapis.com/v1/projects/otp-authentication-5847a:testIamPermissions [none]
[debug] [2023-09-30T05:56:59.663Z] >>> [apiv2][(partial)header] POST https://cloudresourcemanager.googleapis.com/v1/projects/otp-authentication-5847a:testIamPermissions x-goog-quota-user=projects/otp-authentication-5847a
[debug] [2023-09-30T05:56:59.664Z] >>> [apiv2][body] POST https://cloudresourcemanager.googleapis.com/v1/projects/otp-authentication-5847a:testIamPermissions {"permissions":["cloudfunctions.functions.create","cloudfunctions.functions.delete","cloudfunctions.functions.get","cloudfunctions.functions.list","cloudfunctions.functions.update","cloudfunctions.operations.get","firebase.projects.get"]}
[debug] [2023-09-30T05:57:01.656Z] <<< [apiv2][status] POST https://cloudresourcemanager.googleapis.com/v1/projects/otp-authentication-5847a:testIamPermissions 200
[debug] [2023-09-30T05:57:01.656Z] <<< [apiv2][body] POST https://cloudresourcemanager.googleapis.com/v1/projects/otp-authentication-5847a:testIamPermissions {"permissions":["cloudfunctions.functions.create","cloudfunctions.functions.delete","cloudfunctions.functions.get","cloudfunctions.functions.list","cloudfunctions.functions.update","cloudfunctions.operations.get","firebase.projects.get"]}
[debug] [2023-09-30T05:57:01.656Z] >>> [apiv2][query] POST https://iam.googleapis.com/v1/projects/otp-authentication-5847a/serviceAccounts/otp-authentication-5847a@appspot.gserviceaccount.com:testIamPermissions [none]
[debug] [2023-09-30T05:57:01.656Z] >>> [apiv2][body] POST https://iam.googleapis.com/v1/projects/otp-authentication-5847a/serviceAccounts/otp-authentication-5847a@appspot.gserviceaccount.com:testIamPermissions {"permissions":["iam.serviceAccounts.actAs"]}
[debug] [2023-09-30T05:57:02.284Z] <<< [apiv2][status] POST https://iam.googleapis.com/v1/projects/otp-authentication-5847a/serviceAccounts/otp-authentication-5847a@appspot.gserviceaccount.com:testIamPermissions 200
[debug] [2023-09-30T05:57:02.284Z] <<< [apiv2][body] POST https://iam.googleapis.com/v1/projects/otp-authentication-5847a/serviceAccounts/otp-authentication-5847a@appspot.gserviceaccount.com:testIamPermissions {"permissions":["iam.serviceAccounts.actAs"]}
[info] 
[info] === Deploying to 'otp-authentication-5847a'...
[info] 
[info] i  deploying functions 
[debug] [2023-09-30T05:57:02.288Z] >>> [apiv2][query] GET https://firebase.googleapis.com/v1beta1/projects/otp-authentication-5847a [none]
[debug] [2023-09-30T05:57:03.259Z] <<< [apiv2][status] GET https://firebase.googleapis.com/v1beta1/projects/otp-authentication-5847a 200
[debug] [2023-09-30T05:57:03.259Z] <<< [apiv2][body] GET https://firebase.googleapis.com/v1beta1/projects/otp-authentication-5847a {"projectId":"otp-authentication-5847a","projectNumber":"457491394571","displayName":"otp-authentication","name":"projects/otp-authentication-5847a","resources":{"hostingSite":"otp-authentication-5847a"},"state":"ACTIVE","etag":"1_3798e2ac-2063-4370-a78f-58581c631cf3"}
[info] i  functions: preparing codebase default for deployment 
[info] i  functions: ensuring required API cloudfunctions.googleapis.com is enabled... 
[info] i  functions: ensuring required API cloudbuild.googleapis.com is enabled... 
[info] i  artifactregistry: ensuring required API artifactregistry.googleapis.com is enabled... 
[debug] [2023-09-30T05:57:03.263Z] >>> [apiv2][query] GET https://serviceusage.googleapis.com/v1/projects/otp-authentication-5847a/services/cloudfunctions.googleapis.com [none]
[debug] [2023-09-30T05:57:03.263Z] >>> [apiv2][(partial)header] GET https://serviceusage.googleapis.com/v1/projects/otp-authentication-5847a/services/cloudfunctions.googleapis.com x-goog-quota-user=projects/otp-authentication-5847a
[debug] [2023-09-30T05:57:03.265Z] >>> [apiv2][query] GET https://serviceusage.googleapis.com/v1/projects/otp-authentication-5847a/services/runtimeconfig.googleapis.com [none]
[debug] [2023-09-30T05:57:03.265Z] >>> [apiv2][(partial)header] GET https://serviceusage.googleapis.com/v1/projects/otp-authentication-5847a/services/runtimeconfig.googleapis.com x-goog-quota-user=projects/otp-authentication-5847a
[debug] [2023-09-30T05:57:03.266Z] >>> [apiv2][query] GET https://serviceusage.googleapis.com/v1/projects/otp-authentication-5847a/services/cloudbuild.googleapis.com [none]
[debug] [2023-09-30T05:57:03.266Z] >>> [apiv2][(partial)header] GET https://serviceusage.googleapis.com/v1/projects/otp-authentication-5847a/services/cloudbuild.googleapis.com x-goog-quota-user=projects/otp-authentication-5847a
[debug] [2023-09-30T05:57:03.268Z] >>> [apiv2][query] GET https://serviceusage.googleapis.com/v1/projects/otp-authentication-5847a/services/artifactregistry.googleapis.com [none]
[debug] [2023-09-30T05:57:03.268Z] >>> [apiv2][(partial)header] GET https://serviceusage.googleapis.com/v1/projects/otp-authentication-5847a/services/artifactregistry.googleapis.com x-goog-quota-user=projects/otp-authentication-5847a
[debug] [2023-09-30T05:57:05.183Z] <<< [apiv2][status] GET https://serviceusage.googleapis.com/v1/projects/otp-authentication-5847a/services/cloudfunctions.googleapis.com 200
[debug] [2023-09-30T05:57:05.184Z] <<< [apiv2][body] GET https://serviceusage.googleapis.com/v1/projects/otp-authentication-5847a/services/cloudfunctions.googleapis.com [omitted]
[info] +  functions: required API cloudfunctions.googleapis.com is enabled 
[debug] [2023-09-30T05:57:05.185Z] <<< [apiv2][status] GET https://serviceusage.googleapis.com/v1/projects/otp-authentication-5847a/services/cloudbuild.googleapis.com 200
[debug] [2023-09-30T05:57:05.185Z] <<< [apiv2][body] GET https://serviceusage.googleapis.com/v1/projects/otp-authentication-5847a/services/cloudbuild.googleapis.com [omitted]
[info] +  functions: required API cloudbuild.googleapis.com is enabled 
[debug] [2023-09-30T05:57:05.187Z] <<< [apiv2][status] GET https://serviceusage.googleapis.com/v1/projects/otp-authentication-5847a/services/artifactregistry.googleapis.com 200
[debug] [2023-09-30T05:57:05.187Z] <<< [apiv2][body] GET https://serviceusage.googleapis.com/v1/projects/otp-authentication-5847a/services/artifactregistry.googleapis.com [omitted]
[info] +  artifactregistry: required API artifactregistry.googleapis.com is enabled 
[debug] [2023-09-30T05:57:05.188Z] <<< [apiv2][status] GET https://serviceusage.googleapis.com/v1/projects/otp-authentication-5847a/services/runtimeconfig.googleapis.com 200
[debug] [2023-09-30T05:57:05.188Z] <<< [apiv2][body] GET https://serviceusage.googleapis.com/v1/projects/otp-authentication-5847a/services/runtimeconfig.googleapis.com [omitted]
[debug] [2023-09-30T05:57:05.188Z] >>> [apiv2][query] GET https://firebase.googleapis.com/v1beta1/projects/otp-authentication-5847a/adminSdkConfig [none]
[debug] [2023-09-30T05:57:05.749Z] <<< [apiv2][status] GET https://firebase.googleapis.com/v1beta1/projects/otp-authentication-5847a/adminSdkConfig 200
[debug] [2023-09-30T05:57:05.750Z] <<< [apiv2][body] GET https://firebase.googleapis.com/v1beta1/projects/otp-authentication-5847a/adminSdkConfig {"projectId":"otp-authentication-5847a","storageBucket":"otp-authentication-5847a.appspot.com"}
[debug] [2023-09-30T05:57:05.750Z] >>> [apiv2][query] GET https://runtimeconfig.googleapis.com/v1beta1/projects/otp-authentication-5847a/configs [none]
[debug] [2023-09-30T05:57:06.613Z] <<< [apiv2][status] GET https://runtimeconfig.googleapis.com/v1beta1/projects/otp-authentication-5847a/configs 200
[debug] [2023-09-30T05:57:06.613Z] <<< [apiv2][body] GET https://runtimeconfig.googleapis.com/v1beta1/projects/otp-authentication-5847a/configs {}
[debug] [2023-09-30T05:57:06.615Z] Validating nodejs source
[debug] [2023-09-30T05:57:09.362Z] > [functions] package.json contents: {
  "name": "functions",
  "description": "Cloud Functions for Firebase",
  "scripts": {
    "serve": "firebase emulators:start --only functions",
    "shell": "firebase functions:shell",
    "start": "npm run shell",
    "deploy": "firebase deploy --only functions",
    "logs": "firebase functions:log"
  },
  "engines": {
    "node": "18"
  },
  "main": "index.js",
  "dependencies": {
    "express": "^4.18.2",
    "firebase-admin": "^11.11.0",
    "firebase-functions": "^4.4.1"
  },
  "devDependencies": {
    "firebase-functions-test": "^3.1.0"
  },
  "private": true
}
[debug] [2023-09-30T05:57:09.363Z] Building nodejs source
[info] i  functions: Loading and analyzing source code for codebase default to determine what to deploy 
[debug] [2023-09-30T05:57:09.364Z] Could not find functions.yaml. Must use http discovery
[debug] [2023-09-30T05:57:09.373Z] Found firebase-functions binary at 'C:\Users\Surya\OneDrive\Desktop\admitkard-assignment\backend\functions\node_modules\.bin\firebase-functions'
[info] Serving at port 8365

[info] Server is running at port 3001

[debug] [2023-09-30T05:57:10.085Z] Got response from /__/functions.yaml {"endpoints":{"app":{"platform":"gcfv1","availableMemoryMb":null,"timeoutSeconds":null,"minInstances":null,"maxInstances":null,"ingressSettings":null,"serviceAccountEmail":null,"vpc":null,"httpsTrigger":{},"entryPoint":"app"}},"specVersion":"v1alpha1","requiredAPIs":[]}
[info] shutdown requested via /__/quitquitquit

[info] i  functions: preparing functions directory for uploading... 
[info] i  functions: packaged C:\Users\Surya\OneDrive\Desktop\admitkard-assignment\backend\functions (66.52 KB) for uploading 
[debug] [2023-09-30T05:57:20.149Z] >>> [apiv2][query] GET https://cloudfunctions.googleapis.com/v1/projects/otp-authentication-5847a/locations/-/functions [none]
[debug] [2023-09-30T05:57:21.145Z] <<< [apiv2][status] GET https://cloudfunctions.googleapis.com/v1/projects/otp-authentication-5847a/locations/-/functions 200
[debug] [2023-09-30T05:57:21.145Z] <<< [apiv2][body] GET https://cloudfunctions.googleapis.com/v1/projects/otp-authentication-5847a/locations/-/functions {"functions":[{"name":"projects/otp-authentication-5847a/locations/us-central1/functions/app","httpsTrigger":{"url":"https://us-central1-otp-authentication-5847a.cloudfunctions.net/app","securityLevel":"SECURE_ALWAYS"},"status":"ACTIVE","entryPoint":"app","timeout":"60s","availableMemoryMb":256,"serviceAccountEmail":"otp-authentication-5847a@appspot.gserviceaccount.com","updateTime":"2023-09-29T16:16:36.596Z","versionId":"1","labels":{"deployment-tool":"cli-firebase","firebase-functions-hash":"e516eadd27bcb016f7ff743a1b4254feb7426f13"},"sourceUploadUrl":"https://storage.googleapis.com/uploads-1068164279914.us-central1.cloudfunctions.appspot.com/2693c8fa-9bd1-4ee8-a600-7f8b6ce6d459.zip","environmentVariables":{"FIREBASE_CONFIG":"{\"projectId\":\"otp-authentication-5847a\",\"storageBucket\":\"otp-authentication-5847a.appspot.com\"}","GCLOUD_PROJECT":"otp-authentication-5847a","EVENTARC_CLOUD_EVENT_SOURCE":"projects/otp-authentication-5847a/locations/us-central1/functions/app"},"runtime":"nodejs18","ingressSettings":"ALLOW_ALL","buildId":"5e7ddc49-0d16-4a27-ac30-4fbb119d0537","buildEnvironmentVariables":{"GOOGLE_NODE_RUN_SCRIPTS":""},"buildName":"projects/457491394571/locations/us-central1/builds/5e7ddc49-0d16-4a27-ac30-4fbb119d0537","dockerRegistry":"ARTIFACT_REGISTRY"}]}
[debug] [2023-09-30T05:57:21.147Z] >>> [apiv2][query] GET https://cloudfunctions.googleapis.com/v2/projects/otp-authentication-5847a/locations/-/functions filter=environment%3D%22GEN_2%22
[debug] [2023-09-30T05:57:23.013Z] <<< [apiv2][status] GET https://cloudfunctions.googleapis.com/v2/projects/otp-authentication-5847a/locations/-/functions 200
[debug] [2023-09-30T05:57:23.013Z] <<< [apiv2][body] GET https://cloudfunctions.googleapis.com/v2/projects/otp-authentication-5847a/locations/-/functions {}
[debug] [2023-09-30T05:57:23.016Z] >>> [apiv2][query] GET https://firebase.googleapis.com/v1beta1/projects/otp-authentication-5847a [none]
[debug] [2023-09-30T05:57:23.592Z] <<< [apiv2][status] GET https://firebase.googleapis.com/v1beta1/projects/otp-authentication-5847a 200
[debug] [2023-09-30T05:57:23.592Z] <<< [apiv2][body] GET https://firebase.googleapis.com/v1beta1/projects/otp-authentication-5847a {"projectId":"otp-authentication-5847a","projectNumber":"457491394571","displayName":"otp-authentication","name":"projects/otp-authentication-5847a","resources":{"hostingSite":"otp-authentication-5847a"},"state":"ACTIVE","etag":"1_3798e2ac-2063-4370-a78f-58581c631cf3"}
[debug] [2023-09-30T05:57:23.595Z] >>> [apiv2][query] POST https://cloudfunctions.googleapis.com/v1/projects/otp-authentication-5847a/locations/us-central1/functions:generateUploadUrl [none]
[debug] [2023-09-30T05:57:23.595Z] >>> [apiv2][body] POST https://cloudfunctions.googleapis.com/v1/projects/otp-authentication-5847a/locations/us-central1/functions:generateUploadUrl {}
[debug] [2023-09-30T05:57:24.529Z] <<< [apiv2][status] POST https://cloudfunctions.googleapis.com/v1/projects/otp-authentication-5847a/locations/us-central1/functions:generateUploadUrl 200
[debug] [2023-09-30T05:57:24.530Z] <<< [apiv2][body] POST https://cloudfunctions.googleapis.com/v1/projects/otp-authentication-5847a/locations/us-central1/functions:generateUploadUrl {"uploadUrl":"https://storage.googleapis.com/uploads-1068164279914.us-central1.cloudfunctions.appspot.com/292a140c-646a-4c02-a624-e9125315f4d3.zip?GoogleAccessId=service-457491394571@gcf-admin-robot.iam.gserviceaccount.com&Expires=1696055245&Signature=SaPlH4%2FiiUyvQXaTtGXBNlJJR%2FMNZQYmouCPtrwoM4MUxtOPHNbYzFbw%2FXslGHVVcqcQ%2FnhurGaEVjJt%2B9KcM8lIezPdVECf3pF0%2FyeT35NRy%2FZ84R3vlY8A16XtpgheO9JJjL6W4umlemeXSmy5kvWRIhpX%2BBrgzpEMt97YlMAoWj8FY4ypU4oA5gOw28zLDnsIMcNBW7C9Om%2Fr5LJaBL0xn%2BdAcqWkGmQUlydGrz%2FMG0EZd%2BbxLcDMJ%2BuZQ2KsQPRkDB5IXuhetd6mq9v7lKc5l2OUIW5PAhh%2BGumqiD1WcQnTgWUTkNCcJmAoVVu%2BvJrLmcEjUcGkNG8B7DbbsQ%3D%3D"}
[debug] [2023-09-30T05:57:24.530Z] >>> [apiv2][query] PUT https://storage.googleapis.com/uploads-1068164279914.us-central1.cloudfunctions.appspot.com/292a140c-646a-4c02-a624-e9125315f4d3.zip GoogleAccessId=service-457491394571%40gcf-admin-robot.iam.gserviceaccount.com&Expires=1696055245&Signature=SaPlH4%2FiiUyvQXaTtGXBNlJJR%2FMNZQYmouCPtrwoM4MUxtOPHNbYzFbw%2FXslGHVVcqcQ%2FnhurGaEVjJt%2B9KcM8lIezPdVECf3pF0%2FyeT35NRy%2FZ84R3vlY8A16XtpgheO9JJjL6W4umlemeXSmy5kvWRIhpX%2BBrgzpEMt97YlMAoWj8FY4ypU4oA5gOw28zLDnsIMcNBW7C9Om%2Fr5LJaBL0xn%2BdAcqWkGmQUlydGrz%2FMG0EZd%2BbxLcDMJ%2BuZQ2KsQPRkDB5IXuhetd6mq9v7lKc5l2OUIW5PAhh%2BGumqiD1WcQnTgWUTkNCcJmAoVVu%2BvJrLmcEjUcGkNG8B7DbbsQ%3D%3D
[debug] [2023-09-30T05:57:24.530Z] >>> [apiv2][body] PUT https://storage.googleapis.com/uploads-1068164279914.us-central1.cloudfunctions.appspot.com/292a140c-646a-4c02-a624-e9125315f4d3.zip [stream]
[debug] [2023-09-30T05:57:25.906Z] <<< [apiv2][status] PUT https://storage.googleapis.com/uploads-1068164279914.us-central1.cloudfunctions.appspot.com/292a140c-646a-4c02-a624-e9125315f4d3.zip 200
[debug] [2023-09-30T05:57:25.906Z] <<< [apiv2][body] PUT https://storage.googleapis.com/uploads-1068164279914.us-central1.cloudfunctions.appspot.com/292a140c-646a-4c02-a624-e9125315f4d3.zip [omitted]
[info] +  functions: functions folder uploaded successfully 
[info] i  functions: updating Node.js 18 (1st Gen) function app(us-central1)... 
[debug] [2023-09-30T05:57:25.915Z] >>> [apiv2][query] PATCH https://cloudfunctions.googleapis.com/v1/projects/otp-authentication-5847a/locations/us-central1/functions/app updateMask=name%2CsourceUploadUrl%2CentryPoint%2Cruntime%2CdockerRegistry%2Clabels%2ChttpsTrigger.securityLevel%2CminInstances%2CmaxInstances%2CingressSettings%2CenvironmentVariables%2CserviceAccountEmail%2CavailableMemoryMb%2Ctimeout%2CvpcConnector%2CvpcConnectorEgressSettings%2CsourceToken%2CbuildEnvironmentVariables
[debug] [2023-09-30T05:57:25.915Z] >>> [apiv2][body] PATCH https://cloudfunctions.googleapis.com/v1/projects/otp-authentication-5847a/locations/us-central1/functions/app {"name":"projects/otp-authentication-5847a/locations/us-central1/functions/app","sourceUploadUrl":"https://storage.googleapis.com/uploads-1068164279914.us-central1.cloudfunctions.appspot.com/292a140c-646a-4c02-a624-e9125315f4d3.zip?GoogleAccessId=service-457491394571@gcf-admin-robot.iam.gserviceaccount.com&Expires=1696055245&Signature=SaPlH4%2FiiUyvQXaTtGXBNlJJR%2FMNZQYmouCPtrwoM4MUxtOPHNbYzFbw%2FXslGHVVcqcQ%2FnhurGaEVjJt%2B9KcM8lIezPdVECf3pF0%2FyeT35NRy%2FZ84R3vlY8A16XtpgheO9JJjL6W4umlemeXSmy5kvWRIhpX%2BBrgzpEMt97YlMAoWj8FY4ypU4oA5gOw28zLDnsIMcNBW7C9Om%2Fr5LJaBL0xn%2BdAcqWkGmQUlydGrz%2FMG0EZd%2BbxLcDMJ%2BuZQ2KsQPRkDB5IXuhetd6mq9v7lKc5l2OUIW5PAhh%2BGumqiD1WcQnTgWUTkNCcJmAoVVu%2BvJrLmcEjUcGkNG8B7DbbsQ%3D%3D","entryPoint":"app","runtime":"nodejs18","dockerRegistry":"ARTIFACT_REGISTRY","labels":{"deployment-tool":"cli-firebase","firebase-functions-hash":"e6728bb9d5330912f65ff7f70e15dcad09317c96"},"httpsTrigger":{"securityLevel":"SECURE_ALWAYS"},"minInstances":null,"maxInstances":null,"ingressSettings":null,"environmentVariables":{"FIREBASE_CONFIG":"{\"projectId\":\"otp-authentication-5847a\",\"storageBucket\":\"otp-authentication-5847a.appspot.com\"}","GCLOUD_PROJECT":"otp-authentication-5847a","EVENTARC_CLOUD_EVENT_SOURCE":"projects/otp-authentication-5847a/locations/us-central1/functions/app"},"serviceAccountEmail":null,"availableMemoryMb":null,"timeout":null,"vpcConnector":null,"vpcConnectorEgressSettings":null,"buildEnvironmentVariables":{"GOOGLE_NODE_RUN_SCRIPTS":""}}
[debug] [2023-09-30T05:57:26.859Z] <<< [apiv2][status] PATCH https://cloudfunctions.googleapis.com/v1/projects/otp-authentication-5847a/locations/us-central1/functions/app 200
[debug] [2023-09-30T05:57:26.859Z] <<< [apiv2][body] PATCH https://cloudfunctions.googleapis.com/v1/projects/otp-authentication-5847a/locations/us-central1/functions/app {"name":"operations/b3RwLWF1dGhlbnRpY2F0aW9uLTU4NDdhL3VzLWNlbnRyYWwxL2FwcC9YWkJoVEVhRTRnSQ","metadata":{"@type":"type.googleapis.com/google.cloud.functions.v1.OperationMetadataV1","target":"projects/otp-authentication-5847a/locations/us-central1/functions/app","type":"UPDATE_FUNCTION","request":{"@type":"type.googleapis.com/google.cloud.functions.v1.CloudFunction","name":"projects/otp-authentication-5847a/locations/us-central1/functions/app","httpsTrigger":{"url":"https://us-central1-otp-authentication-5847a.cloudfunctions.net/app","securityLevel":"SECURE_ALWAYS"},"status":"ACTIVE","entryPoint":"app","updateTime":"2023-09-29T16:16:36.596Z","versionId":"1","labels":{"deployment-tool":"cli-firebase","firebase-functions-hash":"e6728bb9d5330912f65ff7f70e15dcad09317c96"},"sourceUploadUrl":"https://storage.googleapis.com/uploads-1068164279914.us-central1.cloudfunctions.appspot.com/292a140c-646a-4c02-a624-e9125315f4d3.zip?GoogleAccessId=service-457491394571@gcf-admin-robot.iam.gserviceaccount.com&Expires=1696055245&Signature=SaPlH4%2FiiUyvQXaTtGXBNlJJR%2FMNZQYmouCPtrwoM4MUxtOPHNbYzFbw%2FXslGHVVcqcQ%2FnhurGaEVjJt%2B9KcM8lIezPdVECf3pF0%2FyeT35NRy%2FZ84R3vlY8A16XtpgheO9JJjL6W4umlemeXSmy5kvWRIhpX%2BBrgzpEMt97YlMAoWj8FY4ypU4oA5gOw28zLDnsIMcNBW7C9Om%2Fr5LJaBL0xn%2BdAcqWkGmQUlydGrz%2FMG0EZd%2BbxLcDMJ%2BuZQ2KsQPRkDB5IXuhetd6mq9v7lKc5l2OUIW5PAhh%2BGumqiD1WcQnTgWUTkNCcJmAoVVu%2BvJrLmcEjUcGkNG8B7DbbsQ%3D%3D","environmentVariables":{"FIREBASE_CONFIG":"{\"projectId\":\"otp-authentication-5847a\",\"storageBucket\":\"otp-authentication-5847a.appspot.com\"}","GCLOUD_PROJECT":"otp-authentication-5847a","EVENTARC_CLOUD_EVENT_SOURCE":"projects/otp-authentication-5847a/locations/us-central1/functions/app"},"runtime":"nodejs18","buildId":"5e7ddc49-0d16-4a27-ac30-4fbb119d0537","buildEnvironmentVariables":{"GOOGLE_NODE_RUN_SCRIPTS":""},"buildName":"projects/457491394571/locations/us-central1/builds/5e7ddc49-0d16-4a27-ac30-4fbb119d0537","dockerRegistry":"ARTIFACT_REGISTRY"},"versionId":"2","updateTime":"2023-09-30T05:57:27Z"}}
[debug] [2023-09-30T05:57:26.860Z] >>> [apiv2][query] GET https://cloudfunctions.googleapis.com/v1/operations/b3RwLWF1dGhlbnRpY2F0aW9uLTU4NDdhL3VzLWNlbnRyYWwxL2FwcC9YWkJoVEVhRTRnSQ [none]
[debug] [2023-09-30T05:57:27.523Z] <<< [apiv2][status] GET https://cloudfunctions.googleapis.com/v1/operations/b3RwLWF1dGhlbnRpY2F0aW9uLTU4NDdhL3VzLWNlbnRyYWwxL2FwcC9YWkJoVEVhRTRnSQ 200
[debug] [2023-09-30T05:57:27.523Z] <<< [apiv2][body] GET https://cloudfunctions.googleapis.com/v1/operations/b3RwLWF1dGhlbnRpY2F0aW9uLTU4NDdhL3VzLWNlbnRyYWwxL2FwcC9YWkJoVEVhRTRnSQ {"name":"operations/b3RwLWF1dGhlbnRpY2F0aW9uLTU4NDdhL3VzLWNlbnRyYWwxL2FwcC9YWkJoVEVhRTRnSQ","metadata":{"@type":"type.googleapis.com/google.cloud.functions.v1.OperationMetadataV1","target":"projects/otp-authentication-5847a/locations/us-central1/functions/app","type":"UPDATE_FUNCTION","request":{"@type":"type.googleapis.com/google.cloud.functions.v1.CloudFunction","name":"projects/otp-authentication-5847a/locations/us-central1/functions/app","httpsTrigger":{"url":"https://us-central1-otp-authentication-5847a.cloudfunctions.net/app","securityLevel":"SECURE_ALWAYS"},"status":"ACTIVE","entryPoint":"app","updateTime":"2023-09-29T16:16:36.596Z","versionId":"1","labels":{"deployment-tool":"cli-firebase","firebase-functions-hash":"e6728bb9d5330912f65ff7f70e15dcad09317c96"},"sourceUploadUrl":"https://storage.googleapis.com/uploads-1068164279914.us-central1.cloudfunctions.appspot.com/292a140c-646a-4c02-a624-e9125315f4d3.zip?GoogleAccessId=service-457491394571@gcf-admin-robot.iam.gserviceaccount.com&Expires=1696055245&Signature=SaPlH4%2FiiUyvQXaTtGXBNlJJR%2FMNZQYmouCPtrwoM4MUxtOPHNbYzFbw%2FXslGHVVcqcQ%2FnhurGaEVjJt%2B9KcM8lIezPdVECf3pF0%2FyeT35NRy%2FZ84R3vlY8A16XtpgheO9JJjL6W4umlemeXSmy5kvWRIhpX%2BBrgzpEMt97YlMAoWj8FY4ypU4oA5gOw28zLDnsIMcNBW7C9Om%2Fr5LJaBL0xn%2BdAcqWkGmQUlydGrz%2FMG0EZd%2BbxLcDMJ%2BuZQ2KsQPRkDB5IXuhetd6mq9v7lKc5l2OUIW5PAhh%2BGumqiD1WcQnTgWUTkNCcJmAoVVu%2BvJrLmcEjUcGkNG8B7DbbsQ%3D%3D","environmentVariables":{"FIREBASE_CONFIG":"{\"projectId\":\"otp-authentication-5847a\",\"storageBucket\":\"otp-authentication-5847a.appspot.com\"}","GCLOUD_PROJECT":"otp-authentication-5847a","EVENTARC_CLOUD_EVENT_SOURCE":"projects/otp-authentication-5847a/locations/us-central1/functions/app"},"runtime":"nodejs18","buildId":"5e7ddc49-0d16-4a27-ac30-4fbb119d0537","buildEnvironmentVariables":{"GOOGLE_NODE_RUN_SCRIPTS":""},"buildName":"projects/457491394571/locations/us-central1/builds/5e7ddc49-0d16-4a27-ac30-4fbb119d0537","dockerRegistry":"ARTIFACT_REGISTRY"},"versionId":"2","updateTime":"2023-09-30T05:57:28Z"}}
[debug] [2023-09-30T05:57:28.028Z] [update-default-us-central1-app] Retrying task index 0
[debug] [2023-09-30T05:57:28.029Z] >>> [apiv2][query] GET https://cloudfunctions.googleapis.com/v1/operations/b3RwLWF1dGhlbnRpY2F0aW9uLTU4NDdhL3VzLWNlbnRyYWwxL2FwcC9YWkJoVEVhRTRnSQ [none]
[debug] [2023-09-30T05:57:28.796Z] <<< [apiv2][status] GET https://cloudfunctions.googleapis.com/v1/operations/b3RwLWF1dGhlbnRpY2F0aW9uLTU4NDdhL3VzLWNlbnRyYWwxL2FwcC9YWkJoVEVhRTRnSQ 200
[debug] [2023-09-30T05:57:28.797Z] <<< [apiv2][body] GET https://cloudfunctions.googleapis.com/v1/operations/b3RwLWF1dGhlbnRpY2F0aW9uLTU4NDdhL3VzLWNlbnRyYWwxL2FwcC9YWkJoVEVhRTRnSQ {"name":"operations/b3RwLWF1dGhlbnRpY2F0aW9uLTU4NDdhL3VzLWNlbnRyYWwxL2FwcC9YWkJoVEVhRTRnSQ","metadata":{"@type":"type.googleapis.com/google.cloud.functions.v1.OperationMetadataV1","target":"projects/otp-authentication-5847a/locations/us-central1/functions/app","type":"UPDATE_FUNCTION","request":{"@type":"type.googleapis.com/google.cloud.functions.v1.CloudFunction","name":"projects/otp-authentication-5847a/locations/us-central1/functions/app","httpsTrigger":{"url":"https://us-central1-otp-authentication-5847a.cloudfunctions.net/app","securityLevel":"SECURE_ALWAYS"},"status":"ACTIVE","entryPoint":"app","updateTime":"2023-09-29T16:16:36.596Z","versionId":"1","labels":{"deployment-tool":"cli-firebase","firebase-functions-hash":"e6728bb9d5330912f65ff7f70e15dcad09317c96"},"sourceUploadUrl":"https://storage.googleapis.com/uploads-1068164279914.us-central1.cloudfunctions.appspot.com/292a140c-646a-4c02-a624-e9125315f4d3.zip?GoogleAccessId=service-457491394571@gcf-admin-robot.iam.gserviceaccount.com&Expires=1696055245&Signature=SaPlH4%2FiiUyvQXaTtGXBNlJJR%2FMNZQYmouCPtrwoM4MUxtOPHNbYzFbw%2FXslGHVVcqcQ%2FnhurGaEVjJt%2B9KcM8lIezPdVECf3pF0%2FyeT35NRy%2FZ84R3vlY8A16XtpgheO9JJjL6W4umlemeXSmy5kvWRIhpX%2BBrgzpEMt97YlMAoWj8FY4ypU4oA5gOw28zLDnsIMcNBW7C9Om%2Fr5LJaBL0xn%2BdAcqWkGmQUlydGrz%2FMG0EZd%2BbxLcDMJ%2BuZQ2KsQPRkDB5IXuhetd6mq9v7lKc5l2OUIW5PAhh%2BGumqiD1WcQnTgWUTkNCcJmAoVVu%2BvJrLmcEjUcGkNG8B7DbbsQ%3D%3D","environmentVariables":{"FIREBASE_CONFIG":"{\"projectId\":\"otp-authentication-5847a\",\"storageBucket\":\"otp-authentication-5847a.appspot.com\"}","GCLOUD_PROJECT":"otp-authentication-5847a","EVENTARC_CLOUD_EVENT_SOURCE":"projects/otp-authentication-5847a/locations/us-central1/functions/app"},"runtime":"nodejs18","buildId":"5e7ddc49-0d16-4a27-ac30-4fbb119d0537","buildEnvironmentVariables":{"GOOGLE_NODE_RUN_SCRIPTS":""},"buildName":"projects/457491394571/locations/us-central1/builds/5e7ddc49-0d16-4a27-ac30-4fbb119d0537","dockerRegistry":"ARTIFACT_REGISTRY"},"versionId":"2","updateTime":"2023-09-30T05:57:28Z","buildId":"d1759594-0021-4605-8346-a45e03f56efa","buildName":"projects/457491394571/locations/us-central1/builds/d1759594-0021-4605-8346-a45e03f56efa"}}
[debug] [2023-09-30T05:57:29.811Z] [update-default-us-central1-app] Retrying task index 0
[debug] [2023-09-30T05:57:29.811Z] >>> [apiv2][query] GET https://cloudfunctions.googleapis.com/v1/operations/b3RwLWF1dGhlbnRpY2F0aW9uLTU4NDdhL3VzLWNlbnRyYWwxL2FwcC9YWkJoVEVhRTRnSQ [none]
[debug] [2023-09-30T05:57:30.424Z] <<< [apiv2][status] GET https://cloudfunctions.googleapis.com/v1/operations/b3RwLWF1dGhlbnRpY2F0aW9uLTU4NDdhL3VzLWNlbnRyYWwxL2FwcC9YWkJoVEVhRTRnSQ 200
[debug] [2023-09-30T05:57:30.424Z] <<< [apiv2][body] GET https://cloudfunctions.googleapis.com/v1/operations/b3RwLWF1dGhlbnRpY2F0aW9uLTU4NDdhL3VzLWNlbnRyYWwxL2FwcC9YWkJoVEVhRTRnSQ {"name":"operations/b3RwLWF1dGhlbnRpY2F0aW9uLTU4NDdhL3VzLWNlbnRyYWwxL2FwcC9YWkJoVEVhRTRnSQ","metadata":{"@type":"type.googleapis.com/google.cloud.functions.v1.OperationMetadataV1","target":"projects/otp-authentication-5847a/locations/us-central1/functions/app","type":"UPDATE_FUNCTION","request":{"@type":"type.googleapis.com/google.cloud.functions.v1.CloudFunction","name":"projects/otp-authentication-5847a/locations/us-central1/functions/app","httpsTrigger":{"url":"https://us-central1-otp-authentication-5847a.cloudfunctions.net/app","securityLevel":"SECURE_ALWAYS"},"status":"ACTIVE","entryPoint":"app","updateTime":"2023-09-29T16:16:36.596Z","versionId":"1","labels":{"deployment-tool":"cli-firebase","firebase-functions-hash":"e6728bb9d5330912f65ff7f70e15dcad09317c96"},"sourceUploadUrl":"https://storage.googleapis.com/uploads-1068164279914.us-central1.cloudfunctions.appspot.com/292a140c-646a-4c02-a624-e9125315f4d3.zip?GoogleAccessId=service-457491394571@gcf-admin-robot.iam.gserviceaccount.com&Expires=1696055245&Signature=SaPlH4%2FiiUyvQXaTtGXBNlJJR%2FMNZQYmouCPtrwoM4MUxtOPHNbYzFbw%2FXslGHVVcqcQ%2FnhurGaEVjJt%2B9KcM8lIezPdVECf3pF0%2FyeT35NRy%2FZ84R3vlY8A16XtpgheO9JJjL6W4umlemeXSmy5kvWRIhpX%2BBrgzpEMt97YlMAoWj8FY4ypU4oA5gOw28zLDnsIMcNBW7C9Om%2Fr5LJaBL0xn%2BdAcqWkGmQUlydGrz%2FMG0EZd%2BbxLcDMJ%2BuZQ2KsQPRkDB5IXuhetd6mq9v7lKc5l2OUIW5PAhh%2BGumqiD1WcQnTgWUTkNCcJmAoVVu%2BvJrLmcEjUcGkNG8B7DbbsQ%3D%3D","environmentVariables":{"FIREBASE_CONFIG":"{\"projectId\":\"otp-authentication-5847a\",\"storageBucket\":\"otp-authentication-5847a.appspot.com\"}","GCLOUD_PROJECT":"otp-authentication-5847a","EVENTARC_CLOUD_EVENT_SOURCE":"projects/otp-authentication-5847a/locations/us-central1/functions/app"},"runtime":"nodejs18","buildId":"5e7ddc49-0d16-4a27-ac30-4fbb119d0537","buildEnvironmentVariables":{"GOOGLE_NODE_RUN_SCRIPTS":""},"buildName":"projects/457491394571/locations/us-central1/builds/5e7ddc49-0d16-4a27-ac30-4fbb119d0537","dockerRegistry":"ARTIFACT_REGISTRY"},"versionId":"2","updateTime":"2023-09-30T05:57:28Z","buildId":"d1759594-0021-4605-8346-a45e03f56efa","buildName":"projects/457491394571/locations/us-central1/builds/d1759594-0021-4605-8346-a45e03f56efa"}}
[debug] [2023-09-30T05:57:32.440Z] [update-default-us-central1-app] Retrying task index 0
[debug] [2023-09-30T05:57:32.441Z] >>> [apiv2][query] GET https://cloudfunctions.googleapis.com/v1/operations/b3RwLWF1dGhlbnRpY2F0aW9uLTU4NDdhL3VzLWNlbnRyYWwxL2FwcC9YWkJoVEVhRTRnSQ [none]
[debug] [2023-09-30T05:57:33.281Z] <<< [apiv2][status] GET https://cloudfunctions.googleapis.com/v1/operations/b3RwLWF1dGhlbnRpY2F0aW9uLTU4NDdhL3VzLWNlbnRyYWwxL2FwcC9YWkJoVEVhRTRnSQ 200
[debug] [2023-09-30T05:57:33.281Z] <<< [apiv2][body] GET https://cloudfunctions.googleapis.com/v1/operations/b3RwLWF1dGhlbnRpY2F0aW9uLTU4NDdhL3VzLWNlbnRyYWwxL2FwcC9YWkJoVEVhRTRnSQ {"name":"operations/b3RwLWF1dGhlbnRpY2F0aW9uLTU4NDdhL3VzLWNlbnRyYWwxL2FwcC9YWkJoVEVhRTRnSQ","metadata":{"@type":"type.googleapis.com/google.cloud.functions.v1.OperationMetadataV1","target":"projects/otp-authentication-5847a/locations/us-central1/functions/app","type":"UPDATE_FUNCTION","request":{"@type":"type.googleapis.com/google.cloud.functions.v1.CloudFunction","name":"projects/otp-authentication-5847a/locations/us-central1/functions/app","httpsTrigger":{"url":"https://us-central1-otp-authentication-5847a.cloudfunctions.net/app","securityLevel":"SECURE_ALWAYS"},"status":"ACTIVE","entryPoint":"app","updateTime":"2023-09-29T16:16:36.596Z","versionId":"1","labels":{"deployment-tool":"cli-firebase","firebase-functions-hash":"e6728bb9d5330912f65ff7f70e15dcad09317c96"},"sourceUploadUrl":"https://storage.googleapis.com/uploads-1068164279914.us-central1.cloudfunctions.appspot.com/292a140c-646a-4c02-a624-e9125315f4d3.zip?GoogleAccessId=service-457491394571@gcf-admin-robot.iam.gserviceaccount.com&Expires=1696055245&Signature=SaPlH4%2FiiUyvQXaTtGXBNlJJR%2FMNZQYmouCPtrwoM4MUxtOPHNbYzFbw%2FXslGHVVcqcQ%2FnhurGaEVjJt%2B9KcM8lIezPdVECf3pF0%2FyeT35NRy%2FZ84R3vlY8A16XtpgheO9JJjL6W4umlemeXSmy5kvWRIhpX%2BBrgzpEMt97YlMAoWj8FY4ypU4oA5gOw28zLDnsIMcNBW7C9Om%2Fr5LJaBL0xn%2BdAcqWkGmQUlydGrz%2FMG0EZd%2BbxLcDMJ%2BuZQ2KsQPRkDB5IXuhetd6mq9v7lKc5l2OUIW5PAhh%2BGumqiD1WcQnTgWUTkNCcJmAoVVu%2BvJrLmcEjUcGkNG8B7DbbsQ%3D%3D","environmentVariables":{"FIREBASE_CONFIG":"{\"projectId\":\"otp-authentication-5847a\",\"storageBucket\":\"otp-authentication-5847a.appspot.com\"}","GCLOUD_PROJECT":"otp-authentication-5847a","EVENTARC_CLOUD_EVENT_SOURCE":"projects/otp-authentication-5847a/locations/us-central1/functions/app"},"runtime":"nodejs18","buildId":"5e7ddc49-0d16-4a27-ac30-4fbb119d0537","buildEnvironmentVariables":{"GOOGLE_NODE_RUN_SCRIPTS":""},"buildName":"projects/457491394571/locations/us-central1/builds/5e7ddc49-0d16-4a27-ac30-4fbb119d0537","dockerRegistry":"ARTIFACT_REGISTRY"},"versionId":"2","updateTime":"2023-09-30T05:57:28Z","buildId":"d1759594-0021-4605-8346-a45e03f56efa","buildName":"projects/457491394571/locations/us-central1/builds/d1759594-0021-4605-8346-a45e03f56efa"}}
[debug] [2023-09-30T05:57:37.287Z] [update-default-us-central1-app] Retrying task index 0
[debug] [2023-09-30T05:57:37.288Z] >>> [apiv2][query] GET https://cloudfunctions.googleapis.com/v1/operations/b3RwLWF1dGhlbnRpY2F0aW9uLTU4NDdhL3VzLWNlbnRyYWwxL2FwcC9YWkJoVEVhRTRnSQ [none]
[debug] [2023-09-30T05:57:38.116Z] <<< [apiv2][status] GET https://cloudfunctions.googleapis.com/v1/operations/b3RwLWF1dGhlbnRpY2F0aW9uLTU4NDdhL3VzLWNlbnRyYWwxL2FwcC9YWkJoVEVhRTRnSQ 200
[debug] [2023-09-30T05:57:38.117Z] <<< [apiv2][body] GET https://cloudfunctions.googleapis.com/v1/operations/b3RwLWF1dGhlbnRpY2F0aW9uLTU4NDdhL3VzLWNlbnRyYWwxL2FwcC9YWkJoVEVhRTRnSQ {"name":"operations/b3RwLWF1dGhlbnRpY2F0aW9uLTU4NDdhL3VzLWNlbnRyYWwxL2FwcC9YWkJoVEVhRTRnSQ","metadata":{"@type":"type.googleapis.com/google.cloud.functions.v1.OperationMetadataV1","target":"projects/otp-authentication-5847a/locations/us-central1/functions/app","type":"UPDATE_FUNCTION","request":{"@type":"type.googleapis.com/google.cloud.functions.v1.CloudFunction","name":"projects/otp-authentication-5847a/locations/us-central1/functions/app","httpsTrigger":{"url":"https://us-central1-otp-authentication-5847a.cloudfunctions.net/app","securityLevel":"SECURE_ALWAYS"},"status":"ACTIVE","entryPoint":"app","updateTime":"2023-09-29T16:16:36.596Z","versionId":"1","labels":{"deployment-tool":"cli-firebase","firebase-functions-hash":"e6728bb9d5330912f65ff7f70e15dcad09317c96"},"sourceUploadUrl":"https://storage.googleapis.com/uploads-1068164279914.us-central1.cloudfunctions.appspot.com/292a140c-646a-4c02-a624-e9125315f4d3.zip?GoogleAccessId=service-457491394571@gcf-admin-robot.iam.gserviceaccount.com&Expires=1696055245&Signature=SaPlH4%2FiiUyvQXaTtGXBNlJJR%2FMNZQYmouCPtrwoM4MUxtOPHNbYzFbw%2FXslGHVVcqcQ%2FnhurGaEVjJt%2B9KcM8lIezPdVECf3pF0%2FyeT35NRy%2FZ84R3vlY8A16XtpgheO9JJjL6W4umlemeXSmy5kvWRIhpX%2BBrgzpEMt97YlMAoWj8FY4ypU4oA5gOw28zLDnsIMcNBW7C9Om%2Fr5LJaBL0xn%2BdAcqWkGmQUlydGrz%2FMG0EZd%2BbxLcDMJ%2BuZQ2KsQPRkDB5IXuhetd6mq9v7lKc5l2OUIW5PAhh%2BGumqiD1WcQnTgWUTkNCcJmAoVVu%2BvJrLmcEjUcGkNG8B7DbbsQ%3D%3D","environmentVariables":{"FIREBASE_CONFIG":"{\"projectId\":\"otp-authentication-5847a\",\"storageBucket\":\"otp-authentication-5847a.appspot.com\"}","GCLOUD_PROJECT":"otp-authentication-5847a","EVENTARC_CLOUD_EVENT_SOURCE":"projects/otp-authentication-5847a/locations/us-central1/functions/app"},"runtime":"nodejs18","buildId":"5e7ddc49-0d16-4a27-ac30-4fbb119d0537","buildEnvironmentVariables":{"GOOGLE_NODE_RUN_SCRIPTS":""},"buildName":"projects/457491394571/locations/us-central1/builds/5e7ddc49-0d16-4a27-ac30-4fbb119d0537","dockerRegistry":"ARTIFACT_REGISTRY"},"versionId":"2","updateTime":"2023-09-30T05:57:28Z","buildId":"d1759594-0021-4605-8346-a45e03f56efa","buildName":"projects/457491394571/locations/us-central1/builds/d1759594-0021-4605-8346-a45e03f56efa"}}
[debug] [2023-09-30T05:57:46.131Z] [update-default-us-central1-app] Retrying task index 0
[debug] [2023-09-30T05:57:46.132Z] >>> [apiv2][query] GET https://cloudfunctions.googleapis.com/v1/operations/b3RwLWF1dGhlbnRpY2F0aW9uLTU4NDdhL3VzLWNlbnRyYWwxL2FwcC9YWkJoVEVhRTRnSQ [none]
[debug] [2023-09-30T05:57:46.717Z] <<< [apiv2][status] GET https://cloudfunctions.googleapis.com/v1/operations/b3RwLWF1dGhlbnRpY2F0aW9uLTU4NDdhL3VzLWNlbnRyYWwxL2FwcC9YWkJoVEVhRTRnSQ 200
[debug] [2023-09-30T05:57:46.717Z] <<< [apiv2][body] GET https://cloudfunctions.googleapis.com/v1/operations/b3RwLWF1dGhlbnRpY2F0aW9uLTU4NDdhL3VzLWNlbnRyYWwxL2FwcC9YWkJoVEVhRTRnSQ {"name":"operations/b3RwLWF1dGhlbnRpY2F0aW9uLTU4NDdhL3VzLWNlbnRyYWwxL2FwcC9YWkJoVEVhRTRnSQ","metadata":{"@type":"type.googleapis.com/google.cloud.functions.v1.OperationMetadataV1","target":"projects/otp-authentication-5847a/locations/us-central1/functions/app","type":"UPDATE_FUNCTION","request":{"@type":"type.googleapis.com/google.cloud.functions.v1.CloudFunction","name":"projects/otp-authentication-5847a/locations/us-central1/functions/app","httpsTrigger":{"url":"https://us-central1-otp-authentication-5847a.cloudfunctions.net/app","securityLevel":"SECURE_ALWAYS"},"status":"ACTIVE","entryPoint":"app","updateTime":"2023-09-29T16:16:36.596Z","versionId":"1","labels":{"deployment-tool":"cli-firebase","firebase-functions-hash":"e6728bb9d5330912f65ff7f70e15dcad09317c96"},"sourceUploadUrl":"https://storage.googleapis.com/uploads-1068164279914.us-central1.cloudfunctions.appspot.com/292a140c-646a-4c02-a624-e9125315f4d3.zip?GoogleAccessId=service-457491394571@gcf-admin-robot.iam.gserviceaccount.com&Expires=1696055245&Signature=SaPlH4%2FiiUyvQXaTtGXBNlJJR%2FMNZQYmouCPtrwoM4MUxtOPHNbYzFbw%2FXslGHVVcqcQ%2FnhurGaEVjJt%2B9KcM8lIezPdVECf3pF0%2FyeT35NRy%2FZ84R3vlY8A16XtpgheO9JJjL6W4umlemeXSmy5kvWRIhpX%2BBrgzpEMt97YlMAoWj8FY4ypU4oA5gOw28zLDnsIMcNBW7C9Om%2Fr5LJaBL0xn%2BdAcqWkGmQUlydGrz%2FMG0EZd%2BbxLcDMJ%2BuZQ2KsQPRkDB5IXuhetd6mq9v7lKc5l2OUIW5PAhh%2BGumqiD1WcQnTgWUTkNCcJmAoVVu%2BvJrLmcEjUcGkNG8B7DbbsQ%3D%3D","environmentVariables":{"FIREBASE_CONFIG":"{\"projectId\":\"otp-authentication-5847a\",\"storageBucket\":\"otp-authentication-5847a.appspot.com\"}","GCLOUD_PROJECT":"otp-authentication-5847a","EVENTARC_CLOUD_EVENT_SOURCE":"projects/otp-authentication-5847a/locations/us-central1/functions/app"},"runtime":"nodejs18","buildId":"5e7ddc49-0d16-4a27-ac30-4fbb119d0537","buildEnvironmentVariables":{"GOOGLE_NODE_RUN_SCRIPTS":""},"buildName":"projects/457491394571/locations/us-central1/builds/5e7ddc49-0d16-4a27-ac30-4fbb119d0537","dockerRegistry":"ARTIFACT_REGISTRY"},"versionId":"2","updateTime":"2023-09-30T05:57:28Z","buildId":"d1759594-0021-4605-8346-a45e03f56efa","buildName":"projects/457491394571/locations/us-central1/builds/d1759594-0021-4605-8346-a45e03f56efa"}}
[debug] [2023-09-30T05:57:56.722Z] [update-default-us-central1-app] Retrying task index 0
[debug] [2023-09-30T05:57:56.722Z] >>> [apiv2][query] GET https://cloudfunctions.googleapis.com/v1/operations/b3RwLWF1dGhlbnRpY2F0aW9uLTU4NDdhL3VzLWNlbnRyYWwxL2FwcC9YWkJoVEVhRTRnSQ [none]
[debug] [2023-09-30T05:57:57.318Z] <<< [apiv2][status] GET https://cloudfunctions.googleapis.com/v1/operations/b3RwLWF1dGhlbnRpY2F0aW9uLTU4NDdhL3VzLWNlbnRyYWwxL2FwcC9YWkJoVEVhRTRnSQ 200
[debug] [2023-09-30T05:57:57.318Z] <<< [apiv2][body] GET https://cloudfunctions.googleapis.com/v1/operations/b3RwLWF1dGhlbnRpY2F0aW9uLTU4NDdhL3VzLWNlbnRyYWwxL2FwcC9YWkJoVEVhRTRnSQ {"name":"operations/b3RwLWF1dGhlbnRpY2F0aW9uLTU4NDdhL3VzLWNlbnRyYWwxL2FwcC9YWkJoVEVhRTRnSQ","metadata":{"@type":"type.googleapis.com/google.cloud.functions.v1.OperationMetadataV1","target":"projects/otp-authentication-5847a/locations/us-central1/functions/app","type":"UPDATE_FUNCTION","request":{"@type":"type.googleapis.com/google.cloud.functions.v1.CloudFunction","name":"projects/otp-authentication-5847a/locations/us-central1/functions/app","httpsTrigger":{"url":"https://us-central1-otp-authentication-5847a.cloudfunctions.net/app","securityLevel":"SECURE_ALWAYS"},"status":"ACTIVE","entryPoint":"app","updateTime":"2023-09-29T16:16:36.596Z","versionId":"1","labels":{"deployment-tool":"cli-firebase","firebase-functions-hash":"e6728bb9d5330912f65ff7f70e15dcad09317c96"},"sourceUploadUrl":"https://storage.googleapis.com/uploads-1068164279914.us-central1.cloudfunctions.appspot.com/292a140c-646a-4c02-a624-e9125315f4d3.zip?GoogleAccessId=service-457491394571@gcf-admin-robot.iam.gserviceaccount.com&Expires=1696055245&Signature=SaPlH4%2FiiUyvQXaTtGXBNlJJR%2FMNZQYmouCPtrwoM4MUxtOPHNbYzFbw%2FXslGHVVcqcQ%2FnhurGaEVjJt%2B9KcM8lIezPdVECf3pF0%2FyeT35NRy%2FZ84R3vlY8A16XtpgheO9JJjL6W4umlemeXSmy5kvWRIhpX%2BBrgzpEMt97YlMAoWj8FY4ypU4oA5gOw28zLDnsIMcNBW7C9Om%2Fr5LJaBL0xn%2BdAcqWkGmQUlydGrz%2FMG0EZd%2BbxLcDMJ%2BuZQ2KsQPRkDB5IXuhetd6mq9v7lKc5l2OUIW5PAhh%2BGumqiD1WcQnTgWUTkNCcJmAoVVu%2BvJrLmcEjUcGkNG8B7DbbsQ%3D%3D","environmentVariables":{"FIREBASE_CONFIG":"{\"projectId\":\"otp-authentication-5847a\",\"storageBucket\":\"otp-authentication-5847a.appspot.com\"}","GCLOUD_PROJECT":"otp-authentication-5847a","EVENTARC_CLOUD_EVENT_SOURCE":"projects/otp-authentication-5847a/locations/us-central1/functions/app"},"runtime":"nodejs18","buildId":"5e7ddc49-0d16-4a27-ac30-4fbb119d0537","buildEnvironmentVariables":{"GOOGLE_NODE_RUN_SCRIPTS":""},"buildName":"projects/457491394571/locations/us-central1/builds/5e7ddc49-0d16-4a27-ac30-4fbb119d0537","dockerRegistry":"ARTIFACT_REGISTRY"},"versionId":"2","updateTime":"2023-09-30T05:57:28Z","buildId":"d1759594-0021-4605-8346-a45e03f56efa","buildName":"projects/457491394571/locations/us-central1/builds/d1759594-0021-4605-8346-a45e03f56efa"}}
[debug] [2023-09-30T05:58:07.333Z] [update-default-us-central1-app] Retrying task index 0
[debug] [2023-09-30T05:58:07.334Z] >>> [apiv2][query] GET https://cloudfunctions.googleapis.com/v1/operations/b3RwLWF1dGhlbnRpY2F0aW9uLTU4NDdhL3VzLWNlbnRyYWwxL2FwcC9YWkJoVEVhRTRnSQ [none]
[debug] [2023-09-30T05:58:07.847Z] <<< [apiv2][status] GET https://cloudfunctions.googleapis.com/v1/operations/b3RwLWF1dGhlbnRpY2F0aW9uLTU4NDdhL3VzLWNlbnRyYWwxL2FwcC9YWkJoVEVhRTRnSQ 200
[debug] [2023-09-30T05:58:07.847Z] <<< [apiv2][body] GET https://cloudfunctions.googleapis.com/v1/operations/b3RwLWF1dGhlbnRpY2F0aW9uLTU4NDdhL3VzLWNlbnRyYWwxL2FwcC9YWkJoVEVhRTRnSQ {"name":"operations/b3RwLWF1dGhlbnRpY2F0aW9uLTU4NDdhL3VzLWNlbnRyYWwxL2FwcC9YWkJoVEVhRTRnSQ","metadata":{"@type":"type.googleapis.com/google.cloud.functions.v1.OperationMetadataV1","target":"projects/otp-authentication-5847a/locations/us-central1/functions/app","type":"UPDATE_FUNCTION","request":{"@type":"type.googleapis.com/google.cloud.functions.v1.CloudFunction","name":"projects/otp-authentication-5847a/locations/us-central1/functions/app","httpsTrigger":{"url":"https://us-central1-otp-authentication-5847a.cloudfunctions.net/app","securityLevel":"SECURE_ALWAYS"},"status":"ACTIVE","entryPoint":"app","updateTime":"2023-09-29T16:16:36.596Z","versionId":"1","labels":{"deployment-tool":"cli-firebase","firebase-functions-hash":"e6728bb9d5330912f65ff7f70e15dcad09317c96"},"sourceUploadUrl":"https://storage.googleapis.com/uploads-1068164279914.us-central1.cloudfunctions.appspot.com/292a140c-646a-4c02-a624-e9125315f4d3.zip?GoogleAccessId=service-457491394571@gcf-admin-robot.iam.gserviceaccount.com&Expires=1696055245&Signature=SaPlH4%2FiiUyvQXaTtGXBNlJJR%2FMNZQYmouCPtrwoM4MUxtOPHNbYzFbw%2FXslGHVVcqcQ%2FnhurGaEVjJt%2B9KcM8lIezPdVECf3pF0%2FyeT35NRy%2FZ84R3vlY8A16XtpgheO9JJjL6W4umlemeXSmy5kvWRIhpX%2BBrgzpEMt97YlMAoWj8FY4ypU4oA5gOw28zLDnsIMcNBW7C9Om%2Fr5LJaBL0xn%2BdAcqWkGmQUlydGrz%2FMG0EZd%2BbxLcDMJ%2BuZQ2KsQPRkDB5IXuhetd6mq9v7lKc5l2OUIW5PAhh%2BGumqiD1WcQnTgWUTkNCcJmAoVVu%2BvJrLmcEjUcGkNG8B7DbbsQ%3D%3D","environmentVariables":{"FIREBASE_CONFIG":"{\"projectId\":\"otp-authentication-5847a\",\"storageBucket\":\"otp-authentication-5847a.appspot.com\"}","GCLOUD_PROJECT":"otp-authentication-5847a","EVENTARC_CLOUD_EVENT_SOURCE":"projects/otp-authentication-5847a/locations/us-central1/functions/app"},"runtime":"nodejs18","buildId":"5e7ddc49-0d16-4a27-ac30-4fbb119d0537","buildEnvironmentVariables":{"GOOGLE_NODE_RUN_SCRIPTS":""},"buildName":"projects/457491394571/locations/us-central1/builds/5e7ddc49-0d16-4a27-ac30-4fbb119d0537","dockerRegistry":"ARTIFACT_REGISTRY"},"versionId":"2","updateTime":"2023-09-30T05:57:28Z","buildId":"d1759594-0021-4605-8346-a45e03f56efa","sourceToken":"f1078ad0-a33f-4f4a-88cb-d1a24363a606","buildName":"projects/457491394571/locations/us-central1/builds/d1759594-0021-4605-8346-a45e03f56efa"}}
[debug] [2023-09-30T05:58:07.848Z] Got source token f1078ad0-a33f-4f4a-88cb-d1a24363a606 for region us-central1
[debug] [2023-09-30T05:58:17.852Z] [update-default-us-central1-app] Retrying task index 0
[debug] [2023-09-30T05:58:17.853Z] >>> [apiv2][query] GET https://cloudfunctions.googleapis.com/v1/operations/b3RwLWF1dGhlbnRpY2F0aW9uLTU4NDdhL3VzLWNlbnRyYWwxL2FwcC9YWkJoVEVhRTRnSQ [none]
[debug] [2023-09-30T05:58:18.717Z] <<< [apiv2][status] GET https://cloudfunctions.googleapis.com/v1/operations/b3RwLWF1dGhlbnRpY2F0aW9uLTU4NDdhL3VzLWNlbnRyYWwxL2FwcC9YWkJoVEVhRTRnSQ 200
[debug] [2023-09-30T05:58:18.717Z] <<< [apiv2][body] GET https://cloudfunctions.googleapis.com/v1/operations/b3RwLWF1dGhlbnRpY2F0aW9uLTU4NDdhL3VzLWNlbnRyYWwxL2FwcC9YWkJoVEVhRTRnSQ {"name":"operations/b3RwLWF1dGhlbnRpY2F0aW9uLTU4NDdhL3VzLWNlbnRyYWwxL2FwcC9YWkJoVEVhRTRnSQ","metadata":{"@type":"type.googleapis.com/google.cloud.functions.v1.OperationMetadataV1","target":"projects/otp-authentication-5847a/locations/us-central1/functions/app","type":"UPDATE_FUNCTION","request":{"@type":"type.googleapis.com/google.cloud.functions.v1.CloudFunction","name":"projects/otp-authentication-5847a/locations/us-central1/functions/app","httpsTrigger":{"url":"https://us-central1-otp-authentication-5847a.cloudfunctions.net/app","securityLevel":"SECURE_ALWAYS"},"status":"ACTIVE","entryPoint":"app","updateTime":"2023-09-29T16:16:36.596Z","versionId":"1","labels":{"deployment-tool":"cli-firebase","firebase-functions-hash":"e6728bb9d5330912f65ff7f70e15dcad09317c96"},"sourceUploadUrl":"https://storage.googleapis.com/uploads-1068164279914.us-central1.cloudfunctions.appspot.com/292a140c-646a-4c02-a624-e9125315f4d3.zip?GoogleAccessId=service-457491394571@gcf-admin-robot.iam.gserviceaccount.com&Expires=1696055245&Signature=SaPlH4%2FiiUyvQXaTtGXBNlJJR%2FMNZQYmouCPtrwoM4MUxtOPHNbYzFbw%2FXslGHVVcqcQ%2FnhurGaEVjJt%2B9KcM8lIezPdVECf3pF0%2FyeT35NRy%2FZ84R3vlY8A16XtpgheO9JJjL6W4umlemeXSmy5kvWRIhpX%2BBrgzpEMt97YlMAoWj8FY4ypU4oA5gOw28zLDnsIMcNBW7C9Om%2Fr5LJaBL0xn%2BdAcqWkGmQUlydGrz%2FMG0EZd%2BbxLcDMJ%2BuZQ2KsQPRkDB5IXuhetd6mq9v7lKc5l2OUIW5PAhh%2BGumqiD1WcQnTgWUTkNCcJmAoVVu%2BvJrLmcEjUcGkNG8B7DbbsQ%3D%3D","environmentVariables":{"FIREBASE_CONFIG":"{\"projectId\":\"otp-authentication-5847a\",\"storageBucket\":\"otp-authentication-5847a.appspot.com\"}","GCLOUD_PROJECT":"otp-authentication-5847a","EVENTARC_CLOUD_EVENT_SOURCE":"projects/otp-authentication-5847a/locations/us-central1/functions/app"},"runtime":"nodejs18","buildId":"5e7ddc49-0d16-4a27-ac30-4fbb119d0537","buildEnvironmentVariables":{"GOOGLE_NODE_RUN_SCRIPTS":""},"buildName":"projects/457491394571/locations/us-central1/builds/5e7ddc49-0d16-4a27-ac30-4fbb119d0537","dockerRegistry":"ARTIFACT_REGISTRY"},"versionId":"2","updateTime":"2023-09-30T05:58:18Z","buildId":"d1759594-0021-4605-8346-a45e03f56efa","sourceToken":"f1078ad0-a33f-4f4a-88cb-d1a24363a606","buildName":"projects/457491394571/locations/us-central1/builds/d1759594-0021-4605-8346-a45e03f56efa"},"done":true,"error":{"code":3,"message":"Function failed on loading user code. This is likely due to a bug in the user code. Error message: Provided module can't be loaded.\nDid you list all required modules in the package.json dependencies?\nDetailed stack trace: Error: Cannot find module 'otp-generator'\nRequire stack:\n- /workspace/index.js\n- /layers/google.nodejs.functions-framework/functions-framework/node_modules/@google-cloud/functions-framework/build/src/loader.js\n- /layers/google.nodejs.functions-framework/functions-framework/node_modules/@google-cloud/functions-framework/build/src/main.js\n    at Module._resolveFilename (node:internal/modules/cjs/loader:1077:15)\n    at Module._load (node:internal/modules/cjs/loader:922:27)\n    at Module.require (node:internal/modules/cjs/loader:1143:19)\n    at require (node:internal/modules/cjs/helpers:121:18)\n    at Object.<anonymous> (/workspace/index.js:3:22)\n    at Module._compile (node:internal/modules/cjs/loader:1256:14)\n    at Module._extensions..js (node:internal/modules/cjs/loader:1310:10)\n    at Module.load (node:internal/modules/cjs/loader:1119:32)\n    at Module._load (node:internal/modules/cjs/loader:960:12)\n    at Module.require (node:internal/modules/cjs/loader:1143:19)\nCould not load the function, shutting down.. Please visit https://cloud.google.com/functions/docs/troubleshooting for in-depth troubleshooting documentation."}}
[debug] [2023-09-30T05:58:18.717Z] Got source token f1078ad0-a33f-4f4a-88cb-d1a24363a606 for region us-central1
[error] Function failed on loading user code. This is likely due to a bug in the user code. Error message: Provided module can't be loaded.
Did you list all required modules in the package.json dependencies?
Detailed stack trace: Error: Cannot find module 'otp-generator'
Require stack:
- /workspace/index.js
- /layers/google.nodejs.functions-framework/functions-framework/node_modules/@google-cloud/functions-framework/build/src/loader.js
- /layers/google.nodejs.functions-framework/functions-framework/node_modules/@google-cloud/functions-framework/build/src/main.js
    at Module._resolveFilename (node:internal/modules/cjs/loader:1077:15)
    at Module._load (node:internal/modules/cjs/loader:922:27)
    at Module.require (node:internal/modules/cjs/loader:1143:19)
    at require (node:internal/modules/cjs/helpers:121:18)
    at Object.<anonymous> (/workspace/index.js:3:22)
    at Module._compile (node:internal/modules/cjs/loader:1256:14)
    at Module._extensions..js (node:internal/modules/cjs/loader:1310:10)
    at Module.load (node:internal/modules/cjs/loader:1119:32)
    at Module._load (node:internal/modules/cjs/loader:960:12)
    at Module.require (node:internal/modules/cjs/loader:1143:19)
Could not load the function, shutting down.. Please visit https://cloud.google.com/functions/docs/troubleshooting for in-depth troubleshooting documentation.
[debug] [2023-09-30T05:58:18.724Z] Total Function Deployment time: 52808
[debug] [2023-09-30T05:58:18.724Z] 1 Functions Deployed
[debug] [2023-09-30T05:58:18.724Z] 1 Functions Errored
[debug] [2023-09-30T05:58:18.724Z] 0 Function Deployments Aborted
[debug] [2023-09-30T05:58:18.724Z] Average Function Deployment time: 52806
[info] 
[info] Functions deploy had errors with the following functions:
	app(us-central1)
[debug] [2023-09-30T05:58:19.168Z] Not printing URL for HTTPS function. Typically this means it didn't match a filter or we failed deployment
[info] i  functions: cleaning up build files... 
[debug] [2023-09-30T05:58:19.170Z] >>> [apiv2][query] DELETE https://artifactregistry.googleapis.com/v1beta2/projects/otp-authentication-5847a/locations/us-central1/repositories/gcf-artifacts/packages/app [none]
[debug] [2023-09-30T05:58:19.172Z] >>> [apiv2][query] GET https://us.gcr.io/v2/otp-authentication-5847a/gcf/us-central1/tags/list [none]
[debug] [2023-09-30T05:58:19.924Z] <<< [apiv2][status] GET https://us.gcr.io/v2/otp-authentication-5847a/gcf/us-central1/tags/list 200
[debug] [2023-09-30T05:58:19.925Z] <<< [apiv2][body] GET https://us.gcr.io/v2/otp-authentication-5847a/gcf/us-central1/tags/list {"child":[],"manifest":{},"name":"otp-authentication-5847a/gcf/us-central1","tags":[]}
[debug] [2023-09-30T05:58:19.925Z] Could not find image for function projects/otp-authentication-5847a/locations/us-central1/functions/app
[debug] [2023-09-30T05:58:20.959Z] <<< [apiv2][status] DELETE https://artifactregistry.googleapis.com/v1beta2/projects/otp-authentication-5847a/locations/us-central1/repositories/gcf-artifacts/packages/app 200
[debug] [2023-09-30T05:58:20.960Z] <<< [apiv2][body] DELETE https://artifactregistry.googleapis.com/v1beta2/projects/otp-authentication-5847a/locations/us-central1/repositories/gcf-artifacts/packages/app {"name":"projects/otp-authentication-5847a/locations/us-central1/operations/4cc43812-844a-4a10-bcc6-15d01caeb6f1","metadata":{"@type":"type.googleapis.com/google.devtools.artifactregistry.v1beta2.OperationMetadata"}}
[debug] [2023-09-30T05:58:20.960Z] >>> [apiv2][query] GET https://artifactregistry.googleapis.com/v1beta2/projects/otp-authentication-5847a/locations/us-central1/operations/4cc43812-844a-4a10-bcc6-15d01caeb6f1 [none]
[debug] [2023-09-30T05:58:22.515Z] <<< [apiv2][status] GET https://artifactregistry.googleapis.com/v1beta2/projects/otp-authentication-5847a/locations/us-central1/operations/4cc43812-844a-4a10-bcc6-15d01caeb6f1 200
[debug] [2023-09-30T05:58:22.515Z] <<< [apiv2][body] GET https://artifactregistry.googleapis.com/v1beta2/projects/otp-authentication-5847a/locations/us-central1/operations/4cc43812-844a-4a10-bcc6-15d01caeb6f1 {"name":"projects/otp-authentication-5847a/locations/us-central1/operations/4cc43812-844a-4a10-bcc6-15d01caeb6f1","metadata":{"@type":"type.googleapis.com/google.devtools.artifactregistry.v1beta2.OperationMetadata"},"done":true,"response":{"@type":"type.googleapis.com/google.protobuf.Empty"}}
[debug] [2023-09-30T05:58:22.515Z] Functions deploy failed.
[debug] [2023-09-30T05:58:22.515Z] {
  "endpoint": {
    "id": "app",
    "project": "otp-authentication-5847a",
    "region": "us-central1",
    "entryPoint": "app",
    "platform": "gcfv1",
    "runtime": "nodejs18",
    "httpsTrigger": {},
    "serviceAccount": null,
    "ingressSettings": null,
    "availableMemoryMb": null,
    "timeoutSeconds": null,
    "maxInstances": null,
    "minInstances": null,
    "vpc": null,
    "environmentVariables": {
      "FIREBASE_CONFIG": "{\"projectId\":\"otp-authentication-5847a\",\"storageBucket\":\"otp-authentication-5847a.appspot.com\"}",
      "GCLOUD_PROJECT": "otp-authentication-5847a",
      "EVENTARC_CLOUD_EVENT_SOURCE": "projects/otp-authentication-5847a/locations/us-central1/functions/app"
    },
    "codebase": "default",
    "securityLevel": "SECURE_ALWAYS",
    "targetedByOnly": false,
    "hash": "e6728bb9d5330912f65ff7f70e15dcad09317c96",
    "labels": {
      "deployment-tool": "cli-firebase"
    }
  },
  "op": "update",
  "original": {
    "name": "FirebaseError",
    "children": [],
    "exit": 1,
    "message": "Function failed on loading user code. This is likely due to a bug in the user code. Error message: Provided module can't be loaded.\nDid you list all required modules in the package.json dependencies?\nDetailed stack trace: Error: Cannot find module 'otp-generator'\nRequire stack:\n- /workspace/index.js\n- /layers/google.nodejs.functions-framework/functions-framework/node_modules/@google-cloud/functions-framework/build/src/loader.js\n- /layers/google.nodejs.functions-framework/functions-framework/node_modules/@google-cloud/functions-framework/build/src/main.js\n    at Module._resolveFilename (node:internal/modules/cjs/loader:1077:15)\n    at Module._load (node:internal/modules/cjs/loader:922:27)\n    at Module.require (node:internal/modules/cjs/loader:1143:19)\n    at require (node:internal/modules/cjs/helpers:121:18)\n    at Object.<anonymous> (/workspace/index.js:3:22)\n    at Module._compile (node:internal/modules/cjs/loader:1256:14)\n    at Module._extensions..js (node:internal/modules/cjs/loader:1310:10)\n    at Module.load (node:internal/modules/cjs/loader:1119:32)\n    at Module._load (node:internal/modules/cjs/loader:960:12)\n    at Module.require (node:internal/modules/cjs/loader:1143:19)\nCould not load the function, shutting down.. Please visit https://cloud.google.com/functions/docs/troubleshooting for in-depth troubleshooting documentation.",
    "status": 3,
    "code": 3
  }
}
[debug] [2023-09-30T05:58:22.894Z] Error: Failed to update function app in region us-central1
    at C:\Users\Surya\AppData\Roaming\npm\node_modules\firebase-tools\lib\deploy\functions\release\fabricator.js:51:11
    at process.processTicksAndRejections (node:internal/process/task_queues:95:5)
    at async Fabricator.updateV1Function (C:\Users\Surya\AppData\Roaming\npm\node_modules\firebase-tools\lib\deploy\functions\release\fabricator.js:347:32)
    at async Fabricator.updateEndpoint (C:\Users\Surya\AppData\Roaming\npm\node_modules\firebase-tools\lib\deploy\functions\release\fabricator.js:151:13)
    at async handle (C:\Users\Surya\AppData\Roaming\npm\node_modules\firebase-tools\lib\deploy\functions\release\fabricator.js:88:17)
[error] 
[error] Error: There was an error deploying functions
